<?xml version="1.0" encoding="UTF-8"?>
<!-- Generated by org.testng.reporters.JUnitReportReporter -->
<testsuite skipped="0" hostname="TURHAN" name="com.pro.qa.testcases.BasketPageTest" tests="1" failures="0" timestamp="2020-06-19T18:27:07 EET" time="10.142" errors="0">
  <testcase name="SearchWordTest" time="10.142" classname="com.pro.qa.testcases.BasketPageTest"/>
</testsuite> <!-- com.pro.qa.testcases.BasketPageTest -->
